# JRE version: OpenJDK Runtime Environment (8.0_242-b01) (build 1.8.0_242-release-1644-b01)
# Java VM: OpenJDK 64-Bit Server VM (25.242-b01 mixed mode windows-amd64 compressed oops)
Heap:
 PSYoungGen      total 346112K, used 12287K [0x00000000d5580000, 0x00000000ec000000, 0x0000000100000000)
  eden space 321024K, 3% used [0x00000000d5580000,0x00000000d617ff88,0x00000000e8f00000)
  from space 25088K, 0% used [0x00000000ea680000,0x00000000ea680000,0x00000000ebf00000)
  to   space 24064K, 0% used [0x00000000e8f00000,0x00000000e8f00000,0x00000000ea680000)
 ParOldGen       total 171008K, used 53918K [0x0000000080000000, 0x000000008a700000, 0x00000000d5580000)
  object space 171008K, 31% used [0x0000000080000000,0x00000000834a7980,0x000000008a700000)
 Metaspace       used 94093K, capacity 98629K, committed 98856K, reserved 1134592K
  class space    used 12185K, capacity 13091K, committed 13104K, reserved 1048576K
GC Heap History (10 events):
Event: 169.160 GC heap before
{Heap before GC invocations=18 (full 3):
 PSYoungGen      total 256512K, used 256159K [0x00000000d5580000, 0x00000000e6c00000, 0x0000000100000000)
  eden space 238592K, 100% used [0x00000000d5580000,0x00000000e3e80000,0x00000000e3e80000)
  from space 17920K, 98% used [0x00000000e5a80000,0x00000000e6ba7d38,0x00000000e6c00000)
  to   space 22528K, 0% used [0x00000000e4000000,0x00000000e4000000,0x00000000e5600000)
 ParOldGen       total 116224K, used 40779K [0x0000000080000000, 0x0000000087180000, 0x00000000d5580000)
  object space 116224K, 35% used [0x0000000080000000,0x00000000827d2c60,0x0000000087180000)
 Metaspace       used 84144K, capacity 87813K, committed 88112K, reserved 1126400K
  class space    used 11023K, capacity 11767K, committed 11824K, reserved 1048576K
Event: 169.231 GC heap after
Heap after GC invocations=18 (full 3):
 PSYoungGen      total 262656K, used 22499K [0x00000000d5580000, 0x00000000ea980000, 0x0000000100000000)
  eden space 240128K, 0% used [0x00000000d5580000,0x00000000d5580000,0x00000000e4000000)
  from space 22528K, 99% used [0x00000000e4000000,0x00000000e55f8e18,0x00000000e5600000)
  to   space 26624K, 0% used [0x00000000e8f80000,0x00000000e8f80000,0x00000000ea980000)
 ParOldGen       total 116224K, used 42672K [0x0000000080000000, 0x0000000087180000, 0x00000000d5580000)
  object space 116224K, 36% used [0x0000000080000000,0x00000000829ac298,0x0000000087180000)
 Metaspace       used 84144K, capacity 87813K, committed 88112K, reserved 1126400K
  class space    used 11023K, capacity 11767K, committed 11824K, reserved 1048576K
}
Event: 299.488 GC heap before
{Heap before GC invocations=19 (full 3):
 PSYoungGen      total 262656K, used 262627K [0x00000000d5580000, 0x00000000ea980000, 0x0000000100000000)
  eden space 240128K, 100% used [0x00000000d5580000,0x00000000e4000000,0x00000000e4000000)
  from space 22528K, 99% used [0x00000000e4000000,0x00000000e55f8e18,0x00000000e5600000)
  to   space 26624K, 0% used [0x00000000e8f80000,0x00000000e8f80000,0x00000000ea980000)
 ParOldGen       total 116224K, used 42672K [0x0000000080000000, 0x0000000087180000, 0x00000000d5580000)
  object space 116224K, 36% used [0x0000000080000000,0x00000000829ac298,0x0000000087180000)
 Metaspace       used 85909K, capacity 90035K, committed 90160K, reserved 1128448K
  class space    used 11190K, capacity 12020K, committed 12080K, reserved 1048576K
Event: 299.678 GC heap after
Heap after GC invocations=19 (full 3):
 PSYoungGen      total 307200K, used 7049K [0x00000000d5580000, 0x00000000ea200000, 0x0000000100000000)
  eden space 288256K, 0% used [0x00000000d5580000,0x00000000d5580000,0x00000000e6f00000)
  from space 18944K, 37% used [0x00000000e8f80000,0x00000000e9662480,0x00000000ea200000)
  to   space 26112K, 0% used [0x00000000e6f00000,0x00000000e6f00000,0x00000000e8880000)
 ParOldGen       total 116224K, used 55742K [0x0000000080000000, 0x0000000087180000, 0x00000000d5580000)
  object space 116224K, 47% used [0x0000000080000000,0x000000008366f930,0x0000000087180000)
 Metaspace       used 85909K, capacity 90035K, committed 90160K, reserved 1128448K
  class space    used 11190K, capacity 12020K, committed 12080K, reserved 1048576K
}
Event: 387.856 GC heap before
{Heap before GC invocations=20 (full 3):
 PSYoungGen      total 307200K, used 295305K [0x00000000d5580000, 0x00000000ea200000, 0x0000000100000000)
  eden space 288256K, 100% used [0x00000000d5580000,0x00000000e6f00000,0x00000000e6f00000)
  from space 18944K, 37% used [0x00000000e8f80000,0x00000000e9662480,0x00000000ea200000)
  to   space 26112K, 0% used [0x00000000e6f00000,0x00000000e6f00000,0x00000000e8880000)
 ParOldGen       total 116224K, used 55742K [0x0000000080000000, 0x0000000087180000, 0x00000000d5580000)
  object space 116224K, 47% used [0x0000000080000000,0x000000008366f930,0x0000000087180000)
 Metaspace       used 91765K, capacity 96181K, committed 96304K, reserved 1132544K
  class space    used 11902K, capacity 12776K, committed 12848K, reserved 1048576K
Event: 387.887 GC heap after
Heap after GC invocations=20 (full 3):
 PSYoungGen      total 314368K, used 7191K [0x00000000d5580000, 0x00000000ebf00000, 0x0000000100000000)
  eden space 288256K, 0% used [0x00000000d5580000,0x00000000d5580000,0x00000000e6f00000)
  from space 26112K, 27% used [0x00000000e6f00000,0x00000000e7605e28,0x00000000e8880000)
  to   space 25088K, 0% used [0x00000000ea680000,0x00000000ea680000,0x00000000ebf00000)
 ParOldGen       total 116224K, used 55750K [0x0000000080000000, 0x0000000087180000, 0x00000000d5580000)
  object space 116224K, 47% used [0x0000000080000000,0x0000000083671930,0x0000000087180000)
 Metaspace       used 91765K, capacity 96181K, committed 96304K, reserved 1132544K
  class space    used 11902K, capacity 12776K, committed 12848K, reserved 1048576K
}
Event: 389.668 GC heap before
{Heap before GC invocations=21 (full 3):
 PSYoungGen      total 314368K, used 71467K [0x00000000d5580000, 0x00000000ebf00000, 0x0000000100000000)
  eden space 288256K, 22% used [0x00000000d5580000,0x00000000d9444f98,0x00000000e6f00000)
  from space 26112K, 27% used [0x00000000e6f00000,0x00000000e7605e28,0x00000000e8880000)
  to   space 25088K, 0% used [0x00000000ea680000,0x00000000ea680000,0x00000000ebf00000)
 ParOldGen       total 116224K, used 55750K [0x0000000080000000, 0x0000000087180000, 0x00000000d5580000)
  object space 116224K, 47% used [0x0000000080000000,0x0000000083671930,0x0000000087180000)
 Metaspace       used 94023K, capacity 98585K, committed 98600K, reserved 1134592K
  class space    used 12185K, capacity 13089K, committed 13104K, reserved 1048576K
Event: 389.692 GC heap after
Heap after GC invocations=21 (full 3):
 PSYoungGen      total 346112K, used 7823K [0x00000000d5580000, 0x00000000ec000000, 0x0000000100000000)
  eden space 321024K, 0% used [0x00000000d5580000,0x00000000d5580000,0x00000000e8f00000)
  from space 25088K, 31% used [0x00000000ea680000,0x00000000eae23f88,0x00000000ebf00000)
  to   space 24064K, 0% used [0x00000000e8f00000,0x00000000e8f00000,0x00000000ea680000)
 ParOldGen       total 116224K, used 55758K [0x0000000080000000, 0x0000000087180000, 0x00000000d5580000)
  object space 116224K, 47% used [0x0000000080000000,0x0000000083673930,0x0000000087180000)
 Metaspace       used 94023K, capacity 98585K, committed 98600K, reserved 1134592K
  class space    used 12185K, capacity 13089K, committed 13104K, reserved 1048576K
}
Event: 389.692 GC heap before
{Heap before GC invocations=22 (full 4):
 PSYoungGen      total 346112K, used 7823K [0x00000000d5580000, 0x00000000ec000000, 0x0000000100000000)
  eden space 321024K, 0% used [0x00000000d5580000,0x00000000d5580000,0x00000000e8f00000)
  from space 25088K, 31% used [0x00000000ea680000,0x00000000eae23f88,0x00000000ebf00000)
  to   space 24064K, 0% used [0x00000000e8f00000,0x00000000e8f00000,0x00000000ea680000)
 ParOldGen       total 116224K, used 55758K [0x0000000080000000, 0x0000000087180000, 0x00000000d5580000)
  object space 116224K, 47% used [0x0000000080000000,0x0000000083673930,0x0000000087180000)
 Metaspace       used 94023K, capacity 98585K, committed 98600K, reserved 1134592K
  class space    used 12185K, capacity 13089K, committed 13104K, reserved 1048576K
Event: 390.581 GC heap after
Heap after GC invocations=22 (full 4):
 PSYoungGen      total 346112K, used 0K [0x00000000d5580000, 0x00000000ec000000, 0x0000000100000000)
  eden space 321024K, 0% used [0x00000000d5580000,0x00000000d5580000,0x00000000e8f00000)
  from space 25088K, 0% used [0x00000000ea680000,0x00000000ea680000,0x00000000ebf00000)
  to   space 24064K, 0% used [0x00000000e8f00000,0x00000000e8f00000,0x00000000ea680000)
 ParOldGen       total 171008K, used 53918K [0x0000000080000000, 0x000000008a700000, 0x00000000d5580000)
  object space 171008K, 31% used [0x0000000080000000,0x00000000834a7980,0x000000008a700000)
 Metaspace       used 93969K, capacity 98417K, committed 98600K, reserved 1134592K
  class space    used 12169K, capacity 13067K, committed 13104K, reserved 1048576K
}

